0 info it worked if it ends with ok
1 verbose cli [ '/opt/local/bin/node',
1 verbose cli   '/opt/local/bin/npm',
1 verbose cli   'install',
1 verbose cli   '-g',
1 verbose cli   'meteor-npm' ]
2 info using npm@1.4.6
3 info using node@v0.10.26
4 verbose cache add [ 'meteor-npm', null ]
5 verbose cache add name=undefined spec="meteor-npm" args=["meteor-npm",null]
6 verbose parsed url { protocol: null,
6 verbose parsed url   slashes: null,
6 verbose parsed url   auth: null,
6 verbose parsed url   host: null,
6 verbose parsed url   port: null,
6 verbose parsed url   hostname: null,
6 verbose parsed url   hash: null,
6 verbose parsed url   search: null,
6 verbose parsed url   query: null,
6 verbose parsed url   pathname: 'meteor-npm',
6 verbose parsed url   path: 'meteor-npm',
6 verbose parsed url   href: 'meteor-npm' }
7 silly lockFile 5e87be25-meteor-npm meteor-npm
8 verbose lock meteor-npm /Users/neilliang1988/.npm/5e87be25-meteor-npm.lock
9 silly lockFile 5e87be25-meteor-npm meteor-npm
10 silly lockFile 5e87be25-meteor-npm meteor-npm
11 verbose addNamed [ 'meteor-npm', '' ]
12 verbose addNamed [ null, '*' ]
13 silly lockFile e018f6c3-meteor-npm meteor-npm@
14 verbose lock meteor-npm@ /Users/neilliang1988/.npm/e018f6c3-meteor-npm.lock
15 silly addNameRange { name: 'meteor-npm', range: '*', hasData: false }
16 verbose url raw meteor-npm
17 verbose url resolving [ 'https://registry.npmjs.org/', './meteor-npm' ]
18 verbose url resolved https://registry.npmjs.org/meteor-npm
19 info trying registry request attempt 1 at 23:32:14
20 verbose etag "2Z6QQ69XV1OKYJVDRA3O934T5"
21 http GET https://registry.npmjs.org/meteor-npm
22 http 304 https://registry.npmjs.org/meteor-npm
23 silly registry.get cb [ 304,
23 silly registry.get   { date: 'Sun, 06 Apr 2014 06:32:14 GMT',
23 silly registry.get     server: 'Apache',
23 silly registry.get     via: '1.1 varnish',
23 silly registry.get     'last-modified': 'Sun, 06 Apr 2014 06:32:14 GMT',
23 silly registry.get     'cache-control': 'max-age=1',
23 silly registry.get     etag: '"2Z6QQ69XV1OKYJVDRA3O934T5"',
23 silly registry.get     'x-served-by': 'cache-lax1430-LAX',
23 silly registry.get     'x-cache': 'MISS',
23 silly registry.get     'x-cache-hits': '0',
23 silly registry.get     'x-timer': 'S1396765934.561274767,VS0,VE376',
23 silly registry.get     vary: 'Accept',
23 silly registry.get     'content-length': '0',
23 silly registry.get     'keep-alive': 'timeout=10, max=50',
23 silly registry.get     connection: 'Keep-Alive' } ]
24 verbose etag meteor-npm from cache
25 silly addNameRange number 2 { name: 'meteor-npm', range: '*', hasData: true }
26 silly addNameRange versions [ 'meteor-npm',
26 silly addNameRange   [ '0.1.1', '0.1.5', '0.1.6', '0.1.7', '0.1.8', '0.1.9', '0.1.10' ] ]
27 verbose addNamed [ 'meteor-npm', '0.1.10' ]
28 verbose addNamed [ '0.1.10', '0.1.10' ]
29 silly lockFile bc4722f4-meteor-npm-0-1-10 meteor-npm@0.1.10
30 verbose lock meteor-npm@0.1.10 /Users/neilliang1988/.npm/bc4722f4-meteor-npm-0-1-10.lock
31 silly lockFile bc4722f4-meteor-npm-0-1-10 meteor-npm@0.1.10
32 silly lockFile bc4722f4-meteor-npm-0-1-10 meteor-npm@0.1.10
33 silly lockFile e018f6c3-meteor-npm meteor-npm@
34 silly lockFile e018f6c3-meteor-npm meteor-npm@
35 silly resolved [ { name: 'meteor-npm',
35 silly resolved     version: '0.1.10',
35 silly resolved     description: 'Complete NPM support for Meteor',
35 silly resolved     bin: { 'meteor-npm': './bin/meteor-npm' },
35 silly resolved     author:
35 silly resolved      { name: 'Arunoda Susiripala',
35 silly resolved        email: 'arunoda.susiripala@gmail.com' },
35 silly resolved     dependencies: { rimraf: '2.x', mkdirp: '0.3.x' },
35 silly resolved     repository: { type: 'git', url: 'git://github.com/arunoda/meteor-npm.git' },
35 silly resolved     readme: '# Complete NPM integration for Meteor [![Build Status](https://travis-ci.org/arunoda/meteor-npm.png?branch=master)](https://travis-ci.org/arunoda/meteor-npm)\n\nSee MeteorHacks article on [Complete NPM integration for Meteor](http://meteorhacks.com/complete-npm-integration-for-meteor.html)\n\n#### If you are migrating from Meteor 0.6.5.x to 0.6.6.x, please check this [issue](https://github.com/arunoda/meteor-npm/issues/12).\n\n---\n\n### Adding NPM support to your app\n\n    mrt add npm\n\n### Create packages.json file for listing dependencies.\n\n    {\n      "redis": "0.8.2",\n      "github": "0.1.8"\n    }\n\n### Example on using npm module inside a Meteor method\n\n~~~js\nif (Meteor.isClient) {\n  getGists = function getGists(user, callback) {\n    Meteor.call(\'getGists\', user, callback);\n  }\n}\n\nif (Meteor.isServer) {\n  Meteor.methods({\n    \'getGists\': function getGists(user) {\n      var GithubApi = Meteor.require(\'github\');\n      var github = new GithubApi({\n          version: "3.0.0"\n      });\n\n      var gists = Async.runSync(function(done) {\n        github.gists.getFromUser({user: \'arunoda\'}, function(err, data) {\n          done(null, data);\n        });\n      });\n\n      return gists.result;\n    }\n  });\n}\n~~~\n\n## API\n> Available in the Server Side only\n\n### Meteor.require(npmModuleName)\n\nThis method loads NPM modules you\'ve specified in the `packages.json` file.\n\n~~~\nvar Github = Meteor.require(\'github\');\n~~~\n\n## Async Utilities\n> Available in the Server Side only\n\nMeteor APIs are executed synchronously. Most of the NodeJS modules works asynchronously. \nSo we need a way to bride the gap. Async Utilities comes to rescue you.\n\n### Async.runSync(function) \n\n`Async.runSync()` pause the execution until you invoke `done()` callback as shown below.\n\n~~~\nvar response = Async.runSync(function(done) {\n  setTimeout(function() { \n    done(null, 1001);\n  }, 100);\n});\n\nconsole.log(response.result); // 1001\n~~~\n\n`done()` callback takes 2 arguments. `error` and the `result` object. You can get them as the return value of the `Async.runSync()` as shown as response in the above example.\n\nreturn value is an object and it has 2 fields. `error` and `result`.\n\n### Meteor.sync(function)\n\nSame as `Async.runSync` but deprecated. \n\n### Async.wrap(function) \n\nWrap an asynchronous function and allow it to be run inside Meteor without callbacks.\n\n~~~\n\n//declare a simple async function\nfunction delayedMessge(delay, message, callback) {\n  setTimeout(function() {\n    callback(null, message);\n  }, delay);\n}\n\n//wrapping\nvar wrappedDelayedMessage = Async.wrap(delayedMessge);\n\n//usage\nMeteor.methods({\n  \'delayedEcho\': function(message) {\n    var response = wrappedDelayedMessage(500, message);\n    return response;\n  }\n});\n~~~\n\nIf the callback has a result, it will be returned from the wrapped function. If there is an error, it will be thrown.\n\n> `Async.wrap(function)` is very similar to `Meteor._wrapAsync`. \n\n### Async.wrap(object, functionName)\n\nVery similar to `Async.wrap(function)`, \nbut this API can be used to wrap an instance method of an object.\n\n~~~\nvar github = new GithubApi({\n    version: "3.0.0"\n});\n\n//wrapping github.user.getFrom\nvar wrappedGetFrom = Async.wrap(github.user, \'getFrom\');\n~~~\n\n### Async.wrap(object, functionNameList)\n\nVery similar to `Async.wrap(object, functionName)`, \nbut this API can be used to wrap **multiple** instance methods of an object.\n\n~~~\nvar github = new GithubApi({\n    version: "3.0.0"\n});\n\n//wrapping github.user.getFrom and github.user.getEmails\nvar wrappedGithubUser = Async.wrap(github.user, [\'getFrom\', \'getEmails\']);\n\n//usage\nvar profile = wrappedGithubUser.getFrom(\'arunoda\');\nvar emails = wrappedGithubUser.getEmails();\n~~~\n',
35 silly resolved     readmeFilename: 'README.md',
35 silly resolved     bugs: { url: 'https://github.com/arunoda/meteor-npm/issues' },
35 silly resolved     homepage: 'https://github.com/arunoda/meteor-npm',
35 silly resolved     _id: 'meteor-npm@0.1.10',
35 silly resolved     _from: 'meteor-npm@' } ]
36 info install meteor-npm@0.1.10 into /opt/local/lib
37 info installOne meteor-npm@0.1.10
38 info /opt/local/lib/node_modules/meteor-npm unbuild
39 verbose tar unpack /Users/neilliang1988/.npm/meteor-npm/0.1.10/package.tgz
40 silly lockFile c5c7bae6-ocal-lib-node-modules-meteor-npm tar:///opt/local/lib/node_modules/meteor-npm
41 verbose lock tar:///opt/local/lib/node_modules/meteor-npm /Users/neilliang1988/.npm/c5c7bae6-ocal-lib-node-modules-meteor-npm.lock
42 silly lockFile 598e693a-pm-meteor-npm-0-1-10-package-tgz tar:///Users/neilliang1988/.npm/meteor-npm/0.1.10/package.tgz
43 verbose lock tar:///Users/neilliang1988/.npm/meteor-npm/0.1.10/package.tgz /Users/neilliang1988/.npm/598e693a-pm-meteor-npm-0-1-10-package-tgz.lock
44 silly gunzTarPerm modes [ '755', '644' ]
45 error Error: EACCES, mkdir '/opt/local/lib/node_modules/meteor-npm'
45 error  { [Error: EACCES, mkdir '/opt/local/lib/node_modules/meteor-npm']
45 error   errno: 3,
45 error   code: 'EACCES',
45 error   path: '/opt/local/lib/node_modules/meteor-npm',
45 error   fstream_type: 'Directory',
45 error   fstream_path: '/opt/local/lib/node_modules/meteor-npm',
45 error   fstream_class: 'DirWriter',
45 error   fstream_stack:
45 error    [ '/opt/local/lib/node_modules/npm/node_modules/fstream/lib/dir-writer.js:36:23',
45 error      '/opt/local/lib/node_modules/npm/node_modules/mkdirp/index.js:37:53',
45 error      'Object.oncomplete (fs.js:107:15)' ] }
46 error Please try running this command again as root/Administrator.
47 error System Darwin 13.1.0
48 error command "/opt/local/bin/node" "/opt/local/bin/npm" "install" "-g" "meteor-npm"
49 error cwd /Users/neilliang1988/html/battlehack
50 error node -v v0.10.26
51 error npm -v 1.4.6
52 error path /opt/local/lib/node_modules/meteor-npm
53 error fstream_path /opt/local/lib/node_modules/meteor-npm
54 error fstream_type Directory
55 error fstream_class DirWriter
56 error code EACCES
57 error errno 3
58 error stack Error: EACCES, mkdir '/opt/local/lib/node_modules/meteor-npm'
59 error fstream_stack /opt/local/lib/node_modules/npm/node_modules/fstream/lib/dir-writer.js:36:23
59 error fstream_stack /opt/local/lib/node_modules/npm/node_modules/mkdirp/index.js:37:53
59 error fstream_stack Object.oncomplete (fs.js:107:15)
60 verbose exit [ 3, true ]
