0 info it worked if it ends with ok
1 verbose cli [ '/opt/local/bin/node',
1 verbose cli   '/opt/local/bin/npm',
1 verbose cli   'install',
1 verbose cli   '-g',
1 verbose cli   'require' ]
2 info using npm@1.4.6
3 info using node@v0.10.26
4 verbose cache add [ 'require', null ]
5 verbose cache add name=undefined spec="require" args=["require",null]
6 verbose parsed url { protocol: null,
6 verbose parsed url   slashes: null,
6 verbose parsed url   auth: null,
6 verbose parsed url   host: null,
6 verbose parsed url   port: null,
6 verbose parsed url   hostname: null,
6 verbose parsed url   hash: null,
6 verbose parsed url   search: null,
6 verbose parsed url   query: null,
6 verbose parsed url   pathname: 'require',
6 verbose parsed url   path: 'require',
6 verbose parsed url   href: 'require' }
7 silly lockFile 623e76c3-require require
8 verbose lock require /Users/neilliang1988/.npm/623e76c3-require.lock
9 silly lockFile 623e76c3-require require
10 silly lockFile 623e76c3-require require
11 verbose addNamed [ 'require', '' ]
12 verbose addNamed [ null, '*' ]
13 silly lockFile 06722518-require require@
14 verbose lock require@ /Users/neilliang1988/.npm/06722518-require.lock
15 silly addNameRange { name: 'require', range: '*', hasData: false }
16 verbose url raw require
17 verbose url resolving [ 'https://registry.npmjs.org/', './require' ]
18 verbose url resolved https://registry.npmjs.org/require
19 info trying registry request attempt 1 at 16:01:21
20 verbose etag "54M3CRQ33ECWXJUZ19WRPKSXO"
21 http GET https://registry.npmjs.org/require
22 http 304 https://registry.npmjs.org/require
23 silly registry.get cb [ 304,
23 silly registry.get   { date: 'Sat, 05 Apr 2014 23:01:21 GMT',
23 silly registry.get     server: 'Apache',
23 silly registry.get     via: '1.1 varnish',
23 silly registry.get     'last-modified': 'Sat, 05 Apr 2014 23:01:22 GMT',
23 silly registry.get     'cache-control': 'max-age=1',
23 silly registry.get     etag: '"54M3CRQ33ECWXJUZ19WRPKSXO"',
23 silly registry.get     'x-served-by': 'cache-lax1430-LAX',
23 silly registry.get     'x-cache': 'MISS',
23 silly registry.get     'x-cache-hits': '0',
23 silly registry.get     'x-timer': 'S1396738881.911286831,VS0,VE275',
23 silly registry.get     vary: 'Accept',
23 silly registry.get     'content-length': '0',
23 silly registry.get     'keep-alive': 'timeout=10, max=50',
23 silly registry.get     connection: 'Keep-Alive' } ]
24 verbose etag require from cache
25 silly addNameRange number 2 { name: 'require', range: '*', hasData: true }
26 silly addNameRange versions [ 'require',
26 silly addNameRange   [ '0.3.1',
26 silly addNameRange     '0.3.2',
26 silly addNameRange     '0.4.0',
26 silly addNameRange     '0.4.2',
26 silly addNameRange     '0.4.4',
26 silly addNameRange     '0.4.5',
26 silly addNameRange     '0.4.6',
26 silly addNameRange     '0.4.8',
26 silly addNameRange     '0.4.9',
26 silly addNameRange     '0.5.0' ] ]
27 verbose addNamed [ 'require', '0.5.0' ]
28 verbose addNamed [ '0.5.0', '0.5.0' ]
29 silly lockFile a5c621dd-require-0-5-0 require@0.5.0
30 verbose lock require@0.5.0 /Users/neilliang1988/.npm/a5c621dd-require-0-5-0.lock
31 silly lockFile a5c621dd-require-0-5-0 require@0.5.0
32 silly lockFile a5c621dd-require-0-5-0 require@0.5.0
33 silly lockFile 06722518-require require@
34 silly lockFile 06722518-require require@
35 silly resolved [ { name: 'require',
35 silly resolved     description: 'javascript module management! brings node\'s require statement to the browser',
35 silly resolved     version: '0.5.0',
35 silly resolved     homepage: 'https://github.com/marcuswestin/require',
35 silly resolved     main: './require',
35 silly resolved     bin: { require: './bin/require-command.js' },
35 silly resolved     engines: { node: '*', browsers: '*' },
35 silly resolved     repository:
35 silly resolved      { type: 'git',
35 silly resolved        url: 'git://github.com/marcuswestin/require.git' },
35 silly resolved     author:
35 silly resolved      { name: 'Marcus Westin',
35 silly resolved        email: 'narcvs@gmail.com',
35 silly resolved        url: 'http://marcuswest.in' },
35 silly resolved     dependencies: { 'uglify-js': '1.2.6', std: '0.1.40' },
35 silly resolved     devDependencies: {},
35 silly resolved     directories: {},
35 silly resolved     scripts: { start: 'node server.js' },
35 silly resolved     readme: 'require brings `require` to the browser\n=======================================\n\nNode\'s `require()` is the de facto javascript dependency statement.\n\n`npm` is the de facto javascript module manager.\n\nrequire brings both of them to the browser.\n\ntl;dr\n=====\n"Just give me some code that runs"\n\n\tmkdir app; cd app\n\techo \'{ "name":"app" }\' > package.json\n\tsudo npm install require\n\tsudo npm install raphael\n\tcurl -O https://raw.github.com/gist/975866/little_server.js\n\tcurl -O https://raw.github.com/gist/975868/little_client.js\n\tnode little_server.js\n\nNow go to http://localhost:8080\n\nInstall\n=======\n\n\tsudo npm install -g require\n\nRun\n===\nStart dev server\n\n\trequire serve ./example --port 1234 --host localhost\n\nIn your HTML:\n\n\t<script src="//localhost:1234/require/client"></script>\n\nThis is like calling require(\'client\') from inside ./example.\n[Read more on node\'s require path resolution](http://nodejs.org/api/modules.html)\n\nCompile\n=======\n(You\'ll want to do this before you deploy to production)\n\n\trequire compile ./example/client.js > client.min.js\n\nUse programmatically\n====================\nIn node:\n\n\trequire(\'require/server\').listen(1234)\n\nor mount it on an http server you\'re already running\n\n\tvar server = http.createServer(function(req, res) { })\n\trequire(\'require/server\').mount(server)\n\tserver.listen(8080, \'localhost\')\n\nor, as connect middleware\n\n\tconnect.createServer(\n\t\tconnect.static(__dirname + \'/example\'),\n\t\trequire(\'require/server\').connect()\n\t)\n\nCompile programmatically:\n\n\tvar compiler = require(\'require/compiler\')\n\tconsole.log(compiler.compile(\'./example/client.js\'))\n\tconsole.log(compiler.compileCode(\'require("./example/client")\'))\n\nThe compiler supports all the options of https://github.com/mishoo/UglifyJS, e.g.\n\n\tcompiler.compile(\'./example/client.js\', { beautify:true, ascii_only:true })\n',
35 silly resolved     readmeFilename: 'README.md',
35 silly resolved     bugs: { url: 'https://github.com/marcuswestin/require/issues' },
35 silly resolved     _id: 'require@0.5.0',
35 silly resolved     _from: 'require@' } ]
36 info install require@0.5.0 into /opt/local/lib
37 info installOne require@0.5.0
38 info /opt/local/lib/node_modules/require unbuild
39 verbose tar unpack /Users/neilliang1988/.npm/require/0.5.0/package.tgz
40 silly lockFile 3ee8fec4-t-local-lib-node-modules-require tar:///opt/local/lib/node_modules/require
41 verbose lock tar:///opt/local/lib/node_modules/require /Users/neilliang1988/.npm/3ee8fec4-t-local-lib-node-modules-require.lock
42 silly lockFile 0c157b53-88-npm-require-0-5-0-package-tgz tar:///Users/neilliang1988/.npm/require/0.5.0/package.tgz
43 verbose lock tar:///Users/neilliang1988/.npm/require/0.5.0/package.tgz /Users/neilliang1988/.npm/0c157b53-88-npm-require-0-5-0-package-tgz.lock
44 silly gunzTarPerm modes [ '755', '644' ]
45 error Error: EACCES, mkdir '/opt/local/lib/node_modules/require'
45 error  { [Error: EACCES, mkdir '/opt/local/lib/node_modules/require']
45 error   errno: 3,
45 error   code: 'EACCES',
45 error   path: '/opt/local/lib/node_modules/require',
45 error   fstream_type: 'Directory',
45 error   fstream_path: '/opt/local/lib/node_modules/require',
45 error   fstream_class: 'DirWriter',
45 error   fstream_stack:
45 error    [ '/opt/local/lib/node_modules/npm/node_modules/fstream/lib/dir-writer.js:36:23',
45 error      '/opt/local/lib/node_modules/npm/node_modules/mkdirp/index.js:37:53',
45 error      'Object.oncomplete (fs.js:107:15)' ] }
46 error Please try running this command again as root/Administrator.
47 error System Darwin 13.1.0
48 error command "/opt/local/bin/node" "/opt/local/bin/npm" "install" "-g" "require"
49 error cwd /Users/neilliang1988/html/battlehack/packages
50 error node -v v0.10.26
51 error npm -v 1.4.6
52 error path /opt/local/lib/node_modules/require
53 error fstream_path /opt/local/lib/node_modules/require
54 error fstream_type Directory
55 error fstream_class DirWriter
56 error code EACCES
57 error errno 3
58 error stack Error: EACCES, mkdir '/opt/local/lib/node_modules/require'
59 error fstream_stack /opt/local/lib/node_modules/npm/node_modules/fstream/lib/dir-writer.js:36:23
59 error fstream_stack /opt/local/lib/node_modules/npm/node_modules/mkdirp/index.js:37:53
59 error fstream_stack Object.oncomplete (fs.js:107:15)
60 verbose exit [ 3, true ]
